<?xml version="1.0" encoding="UTF-8"?>
<!-- Generated by org.testng.reporters.JUnitXMLReporter -->
<testsuite ignored="0" hostname="IN-30QJ1J3" failures="0" tests="1" name="Test" time="5.007" errors="0" timestamp="09 Jul 2022 18:50:54 GMT">
  <testcase classname="com.FresherTraining_ExitTest.tests.BaseTest" name="@BeforeMethod intializeDriver" time="4.971">
    <failure type="org.openqa.selenium.SessionNotCreatedException" message="session not created: This version of ChromeDriver only supports Chrome version 99
Current browser version is 103.0.5060.114 with binary path C:\Program Files\Google\Chrome\Application\chrome.exe
Build info: version: &amp;apos;3.141.59&amp;apos;, revision: &amp;apos;e82be7d358&amp;apos;, time: &amp;apos;2018-11-14T08:17:03&amp;apos;
System info: host: &amp;apos;IN-30QJ1J3&amp;apos;, ip: &amp;apos;192.168.1.5&amp;apos;, os.name: &amp;apos;Windows 10&amp;apos;, os.arch: &amp;apos;amd64&amp;apos;, os.version: &amp;apos;10.0&amp;apos;, java.version: &amp;apos;11.0.1&amp;apos;
Driver info: driver.version: ChromeDriver
remote stacktrace: Backtrace:
	Ordinal0 [0x00CC9943+2595139]
	Ordinal0 [0x00C5C9F1+2148849]
	Ordinal0 [0x00B54528+1066280]
	Ordinal0 [0x00B742C3+1196739]
	Ordinal0 [0x00B6FE37+1179191]
	Ordinal0 [0x00B6D6F1+1169137]
	Ordinal0 [0x00BA0530+1377584]
	Ordinal0 [0x00BA018A+1376650]
	Ordinal0 [0x00B9B806+1357830]
	Ordinal0 [0x00B76086+1204358]
	Ordinal0 [0x00B76F96+1208214]
	GetHandleVerifier [0x00E6B232+1658114]
	GetHandleVerifier [0x00F2312C+2411516]
	GetHandleVerifier [0x00D5F261+560433]
	GetHandleVerifier [0x00D5E366+556598]
	Ordinal0 [0x00C6286B+2173035]
	Ordinal0 [0x00C675F8+2192888]
	Ordinal0 [0x00C676E5+2193125]
	Ordinal0 [0x00C711FC+2232828]
	BaseThreadInitThunk [0x7573FA29+25]
	RtlGetAppContainerNamedObjectPath [0x76FE7A9E+286]
	RtlGetAppContainerNamedObjectPath [0x76FE7A6E+238]
">
      <![CDATA[org.openqa.selenium.SessionNotCreatedException: session not created: This version of ChromeDriver only supports Chrome version 99
Current browser version is 103.0.5060.114 with binary path C:\Program Files\Google\Chrome\Application\chrome.exe
Build info: version: '3.141.59', revision: 'e82be7d358', time: '2018-11-14T08:17:03'
System info: host: 'IN-30QJ1J3', ip: '192.168.1.5', os.name: 'Windows 10', os.arch: 'amd64', os.version: '10.0', java.version: '11.0.1'
Driver info: driver.version: ChromeDriver
remote stacktrace: Backtrace:
Ordinal0 [0x00CC9943+2595139]
Ordinal0 [0x00C5C9F1+2148849]
Ordinal0 [0x00B54528+1066280]
Ordinal0 [0x00B742C3+1196739]
Ordinal0 [0x00B6FE37+1179191]
Ordinal0 [0x00B6D6F1+1169137]
Ordinal0 [0x00BA0530+1377584]
Ordinal0 [0x00BA018A+1376650]
Ordinal0 [0x00B9B806+1357830]
Ordinal0 [0x00B76086+1204358]
Ordinal0 [0x00B76F96+1208214]
GetHandleVerifier [0x00E6B232+1658114]
GetHandleVerifier [0x00F2312C+2411516]
GetHandleVerifier [0x00D5F261+560433]
GetHandleVerifier [0x00D5E366+556598]
Ordinal0 [0x00C6286B+2173035]
Ordinal0 [0x00C675F8+2192888]
Ordinal0 [0x00C676E5+2193125]
Ordinal0 [0x00C711FC+2232828]
BaseThreadInitThunk [0x7573FA29+25]
RtlGetAppContainerNamedObjectPath [0x76FE7A9E+286]
RtlGetAppContainerNamedObjectPath [0x76FE7A6E+238]

at org.openqa.selenium.remote.W3CHandshakeResponse.lambda$errorHandler$0(W3CHandshakeResponse.java:62)
at org.openqa.selenium.remote.HandshakeResponse.lambda$getResponseFunction$0(HandshakeResponse.java:30)
at org.openqa.selenium.remote.ProtocolHandshake.lambda$createSession$0(ProtocolHandshake.java:126)
at java.base/java.util.stream.ReferencePipeline$3$1.accept(ReferencePipeline.java:195)
at java.base/java.util.Spliterators$ArraySpliterator.tryAdvance(Spliterators.java:958)
at java.base/java.util.stream.ReferencePipeline.forEachWithCancel(ReferencePipeline.java:127)
at java.base/java.util.stream.AbstractPipeline.copyIntoWithCancel(AbstractPipeline.java:502)
at java.base/java.util.stream.AbstractPipeline.copyInto(AbstractPipeline.java:488)
at java.base/java.util.stream.AbstractPipeline.wrapAndCopyInto(AbstractPipeline.java:474)
at java.base/java.util.stream.FindOps$FindOp.evaluateSequential(FindOps.java:150)
at java.base/java.util.stream.AbstractPipeline.evaluate(AbstractPipeline.java:234)
at java.base/java.util.stream.ReferencePipeline.findFirst(ReferencePipeline.java:543)
at org.openqa.selenium.remote.ProtocolHandshake.createSession(ProtocolHandshake.java:128)
at org.openqa.selenium.remote.ProtocolHandshake.createSession(ProtocolHandshake.java:74)
at org.openqa.selenium.remote.HttpCommandExecutor.execute(HttpCommandExecutor.java:136)
at org.openqa.selenium.remote.service.DriverCommandExecutor.execute(DriverCommandExecutor.java:83)
at org.openqa.selenium.remote.RemoteWebDriver.execute(RemoteWebDriver.java:552)
at org.openqa.selenium.remote.RemoteWebDriver.startSession(RemoteWebDriver.java:213)
at org.openqa.selenium.remote.RemoteWebDriver.<init>(RemoteWebDriver.java:131)
at org.openqa.selenium.chrome.ChromeDriver.<init>(ChromeDriver.java:181)
at org.openqa.selenium.chrome.ChromeDriver.<init>(ChromeDriver.java:168)
at org.openqa.selenium.chrome.ChromeDriver.<init>(ChromeDriver.java:123)
at com.FresherTraining_ExitTest.tests.BaseTest.intializeDriver(BaseTest.java:59)
... Removed 32 stack frames]]>
    </failure>
  </testcase> <!-- @BeforeMethod intializeDriver -->
  <testcase classname="com.FresherTraining_ExitTest.tests.BaseTest" name="@BeforeMethod openUrl" time="0.0">
    <skipped/>
  </testcase> <!-- @BeforeMethod openUrl -->
  <testcase classname="com.FresherTraining_ExitTest.tests.BaseTest" name="@AfterMethod testclose" time="0.0">
    <skipped/>
  </testcase> <!-- @AfterMethod testclose -->
  <testcase classname="com.FresherTraining_ExitTest.tests.RegistrationTest" name="registration" time="0.0">
    <skipped/>
  </testcase> <!-- registration -->
</testsuite> <!-- Test -->
